Using pre-set license
Built from '2021.3/staging' branch; Version is '2021.3.19f1 (c9714fde33b6) revision 13201743'; Using compiler version '192829333'; Build Type 'Release'
OS: 'Windows 10  (10.0.19044) 64bit Professional' Language: 'ru' Physical Memory: 16261 MB
BatchMode: 1, IsHumanControllingUs: 0, StartBugReporterOnCrash: 0, Is64bit: 1, IsPro: 1

COMMAND LINE ARGUMENTS:
D:\Softs\2021.3.19f1\Editor\Unity.exe
-adb2
-batchMode
-noUpm
-name
AssetImportWorker0
-projectPath
D:/Projects/Unity/3DCheckers
-logFile
Logs/AssetImportWorker0.log
-srvPort
60494
Successfully changed project path to: D:/Projects/Unity/3DCheckers
D:/Projects/Unity/3DCheckers
[UnityMemory] Configuration Parameters - Can be set up in boot.config
    "memorysetup-bucket-allocator-granularity=16"
    "memorysetup-bucket-allocator-bucket-count=8"
    "memorysetup-bucket-allocator-block-size=33554432"
    "memorysetup-bucket-allocator-block-count=8"
    "memorysetup-main-allocator-block-size=16777216"
    "memorysetup-thread-allocator-block-size=16777216"
    "memorysetup-gfx-main-allocator-block-size=16777216"
    "memorysetup-gfx-thread-allocator-block-size=16777216"
    "memorysetup-cache-allocator-block-size=4194304"
    "memorysetup-typetree-allocator-block-size=2097152"
    "memorysetup-profiler-bucket-allocator-granularity=16"
    "memorysetup-profiler-bucket-allocator-bucket-count=8"
    "memorysetup-profiler-bucket-allocator-block-size=33554432"
    "memorysetup-profiler-bucket-allocator-block-count=8"
    "memorysetup-profiler-allocator-block-size=16777216"
    "memorysetup-profiler-editor-allocator-block-size=1048576"
    "memorysetup-temp-allocator-size-main=16777216"
    "memorysetup-job-temp-allocator-block-size=2097152"
    "memorysetup-job-temp-allocator-block-size-background=1048576"
    "memorysetup-job-temp-allocator-reduction-small-platforms=262144"
    "memorysetup-temp-allocator-size-background-worker=32768"
    "memorysetup-temp-allocator-size-job-worker=262144"
    "memorysetup-temp-allocator-size-preload-manager=33554432"
    "memorysetup-temp-allocator-size-nav-mesh-worker=65536"
    "memorysetup-temp-allocator-size-audio-worker=65536"
    "memorysetup-temp-allocator-size-cloud-worker=32768"
    "memorysetup-temp-allocator-size-gi-baking-worker=262144"
    "memorysetup-temp-allocator-size-gfx=262144"
Player connection [16324] Host "[IP] 192.168.1.115 [Port] 0 [Flags] 2 [Guid] 2600986592 [EditorId] 2600986592 [Version] 1048832 [Id] WindowsEditor(7,DESKTOP-7F1M6CN) [Debug] 1 [PackageName] WindowsEditor [ProjectName] Editor" joined multi-casting on [225.0.0.222:54997]...

Player connection [16324] Host "[IP] 192.168.1.115 [Port] 0 [Flags] 2 [Guid] 2600986592 [EditorId] 2600986592 [Version] 1048832 [Id] WindowsEditor(7,DESKTOP-7F1M6CN) [Debug] 1 [PackageName] WindowsEditor [ProjectName] Editor" joined alternative multi-casting on [225.0.0.222:34997]...

Refreshing native plugins compatible for Editor in 60.29 ms, found 2 plugins.
Preloading 0 native plugins for Editor in 0.00 ms.
Initialize engine version: 2021.3.19f1 (c9714fde33b6)
[Subsystems] Discovering subsystems at path D:/Softs/2021.3.19f1/Editor/Data/Resources/UnitySubsystems
[Subsystems] Discovering subsystems at path D:/Projects/Unity/3DCheckers/Assets
GfxDevice: creating device client; threaded=0; jobified=0
Direct3D:
    Version:  Direct3D 11.0 [level 11.1]
    Renderer: Intel(R) HD Graphics 4400 (ID=0x41e)
    Vendor:   Intel
    VRAM:     2048 MB
    Driver:   20.19.15.4703
Initialize mono
Mono path[0] = 'D:/Softs/2021.3.19f1/Editor/Data/Managed'
Mono path[1] = 'D:/Softs/2021.3.19f1/Editor/Data/MonoBleedingEdge/lib/mono/unityjit-win32'
Mono config path = 'D:/Softs/2021.3.19f1/Editor/Data/MonoBleedingEdge/etc'
Using monoOptions --debugger-agent=transport=dt_socket,embedding=1,server=y,suspend=n,address=127.0.0.1:56884
Begin MonoManager ReloadAssembly
Registering precompiled unity dll's ...
Register platform support module: D:/Softs/2021.3.19f1/Editor/Data/PlaybackEngines/AndroidPlayer/UnityEditor.Android.Extensions.dll
Register platform support module: D:/Softs/2021.3.19f1/Editor/Data/PlaybackEngines/iOSSupport/UnityEditor.iOS.Extensions.dll
Register platform support module: D:/Softs/2021.3.19f1/Editor/Data/PlaybackEngines/WindowsStandaloneSupport/UnityEditor.WindowsStandalone.Extensions.dll
Registered in 0.004938 seconds.
Native extension for WindowsStandalone target not found
[usbmuxd] Start listen thread
[usbmuxd] Listen thread started
Native extension for iOS target not found
Native extension for Android target not found
Android Extension - Scanning For ADB Devices 618 ms
Refreshing native plugins compatible for Editor in 206.56 ms, found 2 plugins.
Preloading 0 native plugins for Editor in 0.00 ms.
Mono: successfully reloaded assembly
- Completed reload, in  1.878 seconds
Domain Reload Profiling:
	ReloadAssembly (1879ms)
		BeginReloadAssembly (92ms)
			ExecutionOrderSort (0ms)
			DisableScriptedObjects (0ms)
			BackupInstance (0ms)
			ReleaseScriptingObjects (0ms)
			CreateAndSetChildDomain (1ms)
		EndReloadAssembly (1650ms)
			LoadAssemblies (92ms)
			RebuildTransferFunctionScriptingTraits (0ms)
			SetupTypeCache (244ms)
			ReleaseScriptCaches (1ms)
			RebuildScriptCaches (39ms)
			SetupLoadedEditorAssemblies (1287ms)
				LogAssemblyErrors (0ms)
				InitializePlatformSupportModulesInManaged (762ms)
				SetLoadedEditorAssemblies (0ms)
				RefreshPlugins (207ms)
				BeforeProcessingInitializeOnLoad (2ms)
				ProcessInitializeOnLoadAttributes (234ms)
				ProcessInitializeOnLoadMethodAttributes (81ms)
				AfterProcessingInitializeOnLoad (0ms)
				EditorAssembliesLoaded (0ms)
			ExecutionOrderSort2 (0ms)
			AwakeInstancesAfterBackupRestoration (0ms)
Platform modules already initialized, skipping
Registering precompiled user dll's ...
Registered in 0.012963 seconds.
Begin MonoManager ReloadAssembly
Native extension for WindowsStandalone target not found
Native extension for iOS target not found
Native extension for Android target not found
Refreshing native plugins compatible for Editor in 0.82 ms, found 2 plugins.
Preloading 0 native plugins for Editor in 0.00 ms.
Mono: successfully reloaded assembly
- Completed reload, in  6.706 seconds
Domain Reload Profiling:
	ReloadAssembly (6707ms)
		BeginReloadAssembly (3672ms)
			ExecutionOrderSort (0ms)
			DisableScriptedObjects (7ms)
			BackupInstance (0ms)
			ReleaseScriptingObjects (0ms)
			CreateAndSetChildDomain (2188ms)
		EndReloadAssembly (2223ms)
			LoadAssemblies (1471ms)
			RebuildTransferFunctionScriptingTraits (0ms)
			SetupTypeCache (1184ms)
			ReleaseScriptCaches (1ms)
			RebuildScriptCaches (76ms)
			SetupLoadedEditorAssemblies (684ms)
				LogAssemblyErrors (0ms)
				InitializePlatformSupportModulesInManaged (28ms)
				SetLoadedEditorAssemblies (0ms)
				RefreshPlugins (1ms)
				BeforeProcessingInitializeOnLoad (74ms)
				ProcessInitializeOnLoadAttributes (329ms)
				ProcessInitializeOnLoadMethodAttributes (248ms)
				AfterProcessingInitializeOnLoad (4ms)
				EditorAssembliesLoaded (0ms)
			ExecutionOrderSort2 (0ms)
			AwakeInstancesAfterBackupRestoration (7ms)
Platform modules already initialized, skipping
========================================================================
Worker process is ready to serve import requests
Launched and connected shader compiler UnityShaderCompiler.exe after 0.05 seconds
Refreshing native plugins compatible for Editor in 1.23 ms, found 2 plugins.
Preloading 0 native plugins for Editor in 0.00 ms.
Unloading 2365 Unused Serialized files (Serialized files now loaded: 0)
Unloading 60 unused Assets / (57.2 KB). Loaded Objects now: 2805.
Memory consumption went from 91.9 MB to 91.9 MB.
Total: 15.289900 ms (FindLiveObjects: 1.426900 ms CreateObjectMapping: 0.387600 ms MarkObjects: 13.317300 ms  DeleteObjects: 0.156000 ms)

AssetImportParameters requested are different than current active one (requested -> active):
  custom:video-decoder-ogg-theora: a1e56fd34408186e4bbccfd4996cb3dc -> 
  custom:container-muxer-webm: aa71ff27fc2769a1b78a27578f13a17b -> 
  custom:container-demuxer-webm: 4f35f7cbe854078d1ac9338744f61a02 -> 
  custom:video-encoder-webm-vp8: eb34c28f22e8b96e1ab97ce403110664 -> 
  custom:audio-encoder-webm-vorbis: bf7c407c2cedff20999df2af8eb42d56 -> 
  custom:framework-win-MediaFoundation: 216162199b28c13a410421893ffa2e32 -> 
  custom:container-demuxer-ogg: 62fdf1f143b41e24485cea50d1cbac27 -> 
  custom:video-decoder-webm-vp8: 9c59270c3fd7afecdb556c50c9e8de78 -> 
  custom:audio-decoder-ogg-vorbis: bf7c407c2cedff20999df2af8eb42d56 -> 
========================================================================
Received Import Request.
  Time since last request: 1744843.163913 seconds.
  path: Assets/Scripts/Pawns/PawnMover.cs
  artifactKey: Guid(b1347ea00391fa64882aa50f74337c2c) Importer(815301076,1909f56bfc062723c751e8b465ee728b)
Start importing Assets/Scripts/Pawns/PawnMover.cs using Guid(b1347ea00391fa64882aa50f74337c2c) Importer(815301076,1909f56bfc062723c751e8b465ee728b)  -> (artifact id: '1ccef210e81c6ecd91e14054ef7a9490') in 1.111892 seconds 
========================================================================
Received Import Request.
  Time since last request: 13.702964 seconds.
  path: Assets/Scripts/Board/BorderGenerator.cs
  artifactKey: Guid(31bee22ab7e29ff4a945acfa70f73886) Importer(815301076,1909f56bfc062723c751e8b465ee728b)
Start importing Assets/Scripts/Board/BorderGenerator.cs using Guid(31bee22ab7e29ff4a945acfa70f73886) Importer(815301076,1909f56bfc062723c751e8b465ee728b)  -> (artifact id: '269a744c402e5587932dbd450f5d243e') in 0.023239 seconds 
========================================================================
Received Import Request.
  Time since last request: 173.592284 seconds.
  path: Assets/Scripts/Board/MoveChecker.cs
  artifactKey: Guid(9fcebab9e608936418f730409d335126) Importer(815301076,1909f56bfc062723c751e8b465ee728b)
Start importing Assets/Scripts/Board/MoveChecker.cs using Guid(9fcebab9e608936418f730409d335126) Importer(815301076,1909f56bfc062723c751e8b465ee728b)  -> (artifact id: '11a5a399c2cbdd2eebe64a3258022437') in 0.009134 seconds 
========================================================================
Received Import Request.
  Time since last request: 168.362125 seconds.
  path: Assets/Scripts/Structs/LinkedListExtensions.cs
  artifactKey: Guid(da1eaf8d8a898174ca5e38851727b548) Importer(815301076,1909f56bfc062723c751e8b465ee728b)
Start importing Assets/Scripts/Structs/LinkedListExtensions.cs using Guid(da1eaf8d8a898174ca5e38851727b548) Importer(815301076,1909f56bfc062723c751e8b465ee728b)  -> (artifact id: '8d6f4eae213d29a7fe0a60be909f09fd') in 0.013002 seconds 
========================================================================
Received Import Request.
  Time since last request: 5.417699 seconds.
  path: Assets/Scripts/Structs/Move.cs
  artifactKey: Guid(7b0a6c4edc8ac504a923cd9545d3e3ca) Importer(815301076,1909f56bfc062723c751e8b465ee728b)
Start importing Assets/Scripts/Structs/Move.cs using Guid(7b0a6c4edc8ac504a923cd9545d3e3ca) Importer(815301076,1909f56bfc062723c751e8b465ee728b)  -> (artifact id: '7aebab4a7a09d93ca1de9381b19aa069') in 0.008774 seconds 
========================================================================
Received Import Request.
  Time since last request: 229.677470 seconds.
  path: Assets/Scripts/Pawns/PawnClickDetector.cs
  artifactKey: Guid(0b800a59b2bdc7c4d83fa506898fc8fe) Importer(815301076,1909f56bfc062723c751e8b465ee728b)
Start importing Assets/Scripts/Pawns/PawnClickDetector.cs using Guid(0b800a59b2bdc7c4d83fa506898fc8fe) Importer(815301076,1909f56bfc062723c751e8b465ee728b)  -> (artifact id: '30a18fa87b6788f35f6cdf627b656698') in 0.011440 seconds 
========================================================================
Received Import Request.
  Time since last request: 4.689302 seconds.
  path: Assets/Scripts/Pawns/PawnMoveValidator.cs
  artifactKey: Guid(8c6d30c687954454f8c43264ed88525f) Importer(815301076,1909f56bfc062723c751e8b465ee728b)
Start importing Assets/Scripts/Pawns/PawnMoveValidator.cs using Guid(8c6d30c687954454f8c43264ed88525f) Importer(815301076,1909f56bfc062723c751e8b465ee728b)  -> (artifact id: '35f82bbe3ed9f7ac1c0f3234e547acaf') in 0.008750 seconds 
